<?xml version="1.0" encoding="UTF-8"?>
<!-- Generated by org.testng.reporters.JUnitXMLReporter -->
<testsuite ignored="0" hostname="SumedhKrishna" failures="0" tests="8" name="Regression  Test" time="20.539" errors="0" timestamp="2023-10-25T11:36:25 EDT">
  <testcase classname="com.tekarck.testCases.TC01_LoginErrorMessage" name="validateLoginToTheApplnWithBlankPassword" time="1.421"/>
  <testcase classname="com.tekarck.testCases.TC04A_TestForgotPassword" name="forgotPwdLinkValidation" time="0.644"/>
  <testcase classname="com.tekarck.testCases.TC02_ValidLoginToSalesForce" name="loginToSalesForceAppwithValidUserAndPwd" time="4.35"/>
  <testcase classname="com.tekarck.testCases.TC03_CheckRememberMe" name="loginAndCheckRememberMe" time="6.038"/>
  <testcase classname="com.tekarck.testCases.TC05_ValidateUserMenuDropDown" name="validateUserMenuDropDown" time="4.696"/>
  <testcase classname="com.tekarck.testCases.TC08_DelevolperConsole" name="verifyDelevolperConsole" time="3.326"/>
  <testcase classname="com.tekarck.testCases.TC04B_InvalidUserNameAndPassword" name="loginToAppWithInvalidCreds" time="11.229"/>
  <testcase classname="com.tekarck.testCases.TC09_Logout" name="verifyLogout" time="4.817"/>
</testsuite> <!-- Regression  Test -->
