<?xml version="1.0" encoding="UTF-8"?>
<!-- Generated by org.testng.reporters.JUnitXMLReporter -->
<testsuite ignored="0" hostname="SumedhKrishna" failures="0" tests="8" name="Regression  Test" time="24.087" errors="0" timestamp="2023-10-09T22:04:52 EDT">
  <testcase classname="com.tekarck.testCases.TC02_ValidLoginToSalesForce" name="loginToSalesForceAppwithValidUserAndPwd" time="2.97"/>
  <testcase classname="com.tekarck.testCases.TC03_CheckRememberMe" name="loginAndCheckRememberMe" time="6.532"/>
  <testcase classname="com.tekarck.testCases.TC08_DelevolperConsole" name="verifyDelevolperConsole" time="6.768"/>
  <testcase classname="com.tekarck.testCases.TC09_Logout" name="verifyLogout" time="6.996"/>
  <testcase classname="com.tekarck.testCases.TC01_LoginErrorMessage" name="validateLoginToTheApplnWithBlankPassword" time="1.699"/>
  <testcase classname="com.tekarck.testCases.TC04A_TestForgotPassword" name="forgotPwdLinkValidation" time="1.049"/>
  <testcase classname="com.tekarck.testCases.TC04B_InvalidUserNameAndPassword" name="loginToAppWithInvalidCreds" time="11.25"/>
  <testcase classname="com.tekarck.testCases.TC05_ValidateUserMenuDropDown" name="validateUserMenuDropDown" time="6.528"/>
</testsuite> <!-- Regression  Test -->
