<?xml version="1.0" encoding="UTF-8"?>
<testsuite xmlns:xsi="http://www.w3.org/2001/XMLSchema-instance" xsi:noNamespaceSchemaLocation="https://maven.apache.org/surefire/maven-surefire-plugin/xsd/surefire-test-report-3.0.xsd" version="3.0" name="TestSuite" time="21.364" tests="8" errors="0" skipped="0" failures="0">
  <properties>
[...]
</properties>
  <testcase name="validateLoginToTheApplnWithBlankPassword[void com.tekarck.testCases.TC01_LoginErrorMessage.validateLoginToTheApplnWithBlankPassword(java.lang.reflect.Method) throws java.io.IOException,org.apache.poi.openxml4j.exceptions.InvalidFormatException](1)" classname="com.tekarck.testCases.TC01_LoginErrorMessage" time="1.439">
    <system-out><![CDATA[2023-10-25 11:36:04,978 [TestNG-test=Regression  Test-1] INFO : Set driver : chrome
2023-10-25 11:36:07,297 [TestNG-test=Regression  Test-3] INFO : Launching the application : https://login.salesforce.com/
2023-10-25 11:36:07,316 [TestNG-test=Regression  Test-3] INFO : Login Page title :Login | Salesforce
2023-10-25 11:36:07,330 [TestNG-test=Regression  Test-2] INFO : Launching the application : https://login.salesforce.com/
2023-10-25 11:36:07,337 [TestNG-test=Regression  Test-2] INFO : Login Page title :Login | Salesforce
2023-10-25 11:36:07,438 [TestNG-test=Regression  Test-3] INFO : Inside the Class   :: com.tekarck.testCases.TC03_CheckRememberMe
2023-10-25 11:36:07,438 [TestNG-test=Regression  Test-3] INFO : Inside the method   :: loginAndCheckRememberMe
2023-10-25 11:36:07,464 [TestNG-test=Regression  Test-2] INFO : Test case satrted here :    loginToSalesForceAppwithValidUserAndPwd
2023-10-25 11:36:07,768 [TestNG-test=Regression  Test-1] INFO : Launching the application : https://login.salesforce.com/
2023-10-25 11:36:07,778 [TestNG-test=Regression  Test-1] INFO : Login Page title :Login | Salesforce
2023-10-25 11:36:07,891 [TestNG-test=Regression  Test-1] INFO : Inside the Class ::com.tekarck.testCases.TC01_LoginErrorMessage
2023-10-25 11:36:07,891 [TestNG-test=Regression  Test-1] INFO : Inside the method ::validateLoginToTheApplnWithBlankPassword
2023-10-25 11:36:07,898 [TestNG-test=Regression  Test-1] INFO : application launched with title :Login | Salesforce
2023-10-25 11:36:08,405 [TestNG-test=Regression  Test-1] INFO : Entered Username :anusha@tek.com
2023-10-25 11:36:08,464 [TestNG-test=Regression  Test-2] INFO : Entered Username :anusha@tek.com
2023-10-25 11:36:08,569 [TestNG-test=Regression  Test-3] INFO : Entered User name   :: anusha@tek.com
2023-10-25 11:36:08,682 [TestNG-test=Regression  Test-1] INFO : Entered blank password : 
2023-10-25 11:36:08,736 [TestNG-test=Regression  Test-2] INFO : Entered  password :Sumedh@03
2023-10-25 11:36:08,740 [TestNG-test=Regression  Test-3] INFO : Entered User name   :: Sumedh@03
2023-10-25 11:36:08,842 [TestNG-test=Regression  Test-3] INFO : Clicked On Remember Me
2023-10-25 11:36:09,273 [TestNG-test=Regression  Test-1] INFO : Clicked on login button
2023-10-25 11:36:09,310 [TestNG-test=Regression  Test-1] INFO : Got the error message  :Please enter your password.
2023-10-25 11:36:09,311 [TestNG-test=Regression  Test-1] INFO : Login sholud not happen with blank password
]]></system-out>
    <system-err><![CDATA[SLF4J: No SLF4J providers were found.
SLF4J: Defaulting to no-operation (NOP) logger implementation
SLF4J: See https://www.slf4j.org/codes.html#noProviders for further details.
Oct 25, 2023 11:36:06 AM org.openqa.selenium.devtools.CdpVersionFinder findNearestMatch
WARNING: Unable to find an exact match for CDP version 118, so returning the closest version found: 115
Oct 25, 2023 11:36:06 AM org.openqa.selenium.devtools.CdpVersionFinder findNearestMatch
WARNING: Unable to find an exact match for CDP version 118, so returning the closest version found: 115
Oct 25, 2023 11:36:06 AM org.openqa.selenium.devtools.CdpVersionFinder findNearestMatch
WARNING: Unable to find an exact match for CDP version 118, so returning the closest version found: 115
]]></system-err>
  </testcase>
  <testcase name="forgotPwdLinkValidation[void com.tekarck.testCases.TC04A_TestForgotPassword.forgotPwdLinkValidation(java.lang.reflect.Method) throws org.apache.poi.openxml4j.exceptions.InvalidFormatException,java.io.IOException](1)" classname="com.tekarck.testCases.TC04A_TestForgotPassword" time="0.643">
    <system-out><![CDATA[2023-10-25 11:36:09,404 [TestNG-test=Regression  Test-1] INFO : Closing the browser :
2023-10-25 11:36:09,405 [TestNG-test=Regression  Test-1] INFO : Set driver : chrome
2023-10-25 11:36:09,889 [TestNG-test=Regression  Test-2] INFO : Clicked on login button
2023-10-25 11:36:09,925 [TestNG-test=Regression  Test-3] INFO : Clicked LOgin Btn
2023-10-25 11:36:10,864 [TestNG-test=Regression  Test-1] INFO : Launching the application : https://login.salesforce.com/
2023-10-25 11:36:10,870 [TestNG-test=Regression  Test-1] INFO : Login Page title :Login | Salesforce
2023-10-25 11:36:10,996 [TestNG-test=Regression  Test-1] INFO : Inside the Class ::com.tekarck.testCases.TC04A_TestForgotPassword
2023-10-25 11:36:10,997 [TestNG-test=Regression  Test-1] INFO : Inside the method ::forgotPwdLinkValidation
2023-10-25 11:36:11,280 [TestNG-test=Regression  Test-1] INFO : Clicked on forgot password
2023-10-25 11:36:11,407 [TestNG-test=Regression  Test-1] INFO : Entered User Name : : anusha@tek.com
2023-10-25 11:36:11,631 [TestNG-test=Regression  Test-1] INFO : Clicked on Continue Btn
2023-10-25 11:36:11,638 [TestNG-test=Regression  Test-1] INFO : Checking for Forgot password page title : : Check Your Email | Salesforce
2023-10-25 11:36:11,638 [TestNG-test=Regression  Test-1] INFO : Navigated to forgot password page with title  : : Check Your Email | Salesforce
]]></system-out>
    <system-err><![CDATA[Oct 25, 2023 11:36:10 AM org.openqa.selenium.devtools.CdpVersionFinder findNearestMatch
WARNING: Unable to find an exact match for CDP version 118, so returning the closest version found: 115
]]></system-err>
  </testcase>
  <testcase name="loginToSalesForceAppwithValidUserAndPwd[void com.tekarck.testCases.TC02_ValidLoginToSalesForce.loginToSalesForceAppwithValidUserAndPwd(java.lang.reflect.Method) throws org.apache.poi.openxml4j.exceptions.InvalidFormatException,java.io.IOException](1)" classname="com.tekarck.testCases.TC02_ValidLoginToSalesForce" time="0.818">
    <system-out><![CDATA[2023-10-25 11:36:11,717 [TestNG-test=Regression  Test-1] INFO : Closing the browser :
2023-10-25 11:36:11,718 [TestNG-test=Regression  Test-1] INFO : Set driver : chrome
2023-10-25 11:36:11,813 [TestNG-test=Regression  Test-2] INFO : After successfull login Home page title should be :Home Page ~ Salesforce - Developer Edition
]]></system-out>
  </testcase>
  <testcase name="loginAndCheckRememberMe[void com.tekarck.testCases.TC03_CheckRememberMe.loginAndCheckRememberMe(java.lang.reflect.Method) throws org.apache.poi.openxml4j.exceptions.InvalidFormatException,java.io.IOException](1)" classname="com.tekarck.testCases.TC03_CheckRememberMe" time="0.045">
    <system-out><![CDATA[2023-10-25 11:36:11,872 [TestNG-test=Regression  Test-2] INFO : Closing the browser :
2023-10-25 11:36:11,873 [TestNG-test=Regression  Test-2] INFO : Set driver : chrome
2023-10-25 11:36:12,698 [TestNG-test=Regression  Test-3] INFO : Clicked Logout Btn
2023-10-25 11:36:13,300 [TestNG-test=Regression  Test-1] INFO : Launching the application : https://login.salesforce.com/
2023-10-25 11:36:13,311 [TestNG-test=Regression  Test-1] INFO : Login Page title :Login | Salesforce
2023-10-25 11:36:13,431 [TestNG-test=Regression  Test-1] INFO : Inside the Class ::com.tekarck.testCases.TC04B_InvalidUserNameAndPassword
2023-10-25 11:36:13,431 [TestNG-test=Regression  Test-1] INFO : Inside the method ::loginToAppWithInvalidCreds
2023-10-25 11:36:13,475 [TestNG-test=Regression  Test-3] INFO : Entered User name present in the Uaser Name Text Box :: anusha@tek.com
]]></system-out>
    <system-err><![CDATA[Oct 25, 2023 11:36:12 AM org.openqa.selenium.devtools.CdpVersionFinder findNearestMatch
WARNING: Unable to find an exact match for CDP version 118, so returning the closest version found: 115
Oct 25, 2023 11:36:12 AM org.openqa.selenium.devtools.CdpVersionFinder findNearestMatch
WARNING: Unable to find an exact match for CDP version 118, so returning the closest version found: 115
]]></system-err>
  </testcase>
  <testcase name="validateUserMenuDropDown[void com.tekarck.testCases.TC05_ValidateUserMenuDropDown.validateUserMenuDropDown(java.lang.reflect.Method) throws org.apache.poi.openxml4j.exceptions.InvalidFormatException,java.io.IOException](1)" classname="com.tekarck.testCases.TC05_ValidateUserMenuDropDown" time="2.908">
    <system-out><![CDATA[2023-10-25 11:36:13,496 [TestNG-test=Regression  Test-2] INFO : Launching the application : https://login.salesforce.com/
2023-10-25 11:36:13,506 [TestNG-test=Regression  Test-2] INFO : Login Page title :Login | Salesforce
2023-10-25 11:36:13,566 [TestNG-test=Regression  Test-3] INFO : Closing the browser :
2023-10-25 11:36:13,568 [TestNG-test=Regression  Test-3] INFO : Set driver : chrome
2023-10-25 11:36:13,630 [TestNG-test=Regression  Test-2] INFO : Inside the Class ::com.tekarck.testCases.TC05_ValidateUserMenuDropDown
2023-10-25 11:36:13,631 [TestNG-test=Regression  Test-2] INFO : Inside the method ::validateUserMenuDropDown
2023-10-25 11:36:13,846 [TestNG-test=Regression  Test-1] INFO : Inside the method :: anusha@t.com
2023-10-25 11:36:13,942 [TestNG-test=Regression  Test-1] INFO : Inside the method :: Anusha
2023-10-25 11:36:14,153 [TestNG-test=Regression  Test-2] INFO : Entered UserName :: anusha@tek.com
2023-10-25 11:36:14,325 [TestNG-test=Regression  Test-2] INFO : Entered password :: Sumedh@03
2023-10-25 11:36:15,245 [TestNG-test=Regression  Test-2] INFO : Clicked on Login Button 
2023-10-25 11:36:15,294 [TestNG-test=Regression  Test-3] INFO : Launching the application : https://login.salesforce.com/
2023-10-25 11:36:15,299 [TestNG-test=Regression  Test-3] INFO : Login Page title :Login | Salesforce
2023-10-25 11:36:18,234 [TestNG-test=Regression  Test-2] INFO : Clicked on UserMenu  
2023-10-25 11:36:18,326 [TestNG-test=Regression  Test-2] INFO : Validation for User Menu Items Started.... 
2023-10-25 11:36:18,326 [TestNG-test=Regression  Test-2] INFO : All User menu items are present.... 
2023-10-25 11:36:18,326 [TestNG-test=Regression  Test-2] INFO : My Profile ,My Settings ,Developer Console , Switch to Lightning Experience, Logout
]]></system-out>
    <system-err><![CDATA[Oct 25, 2023 11:36:14 AM org.openqa.selenium.devtools.CdpVersionFinder findNearestMatch
WARNING: Unable to find an exact match for CDP version 118, so returning the closest version found: 115
]]></system-err>
  </testcase>
  <testcase name="verifyDelevolperConsole" classname="com.tekarck.testCases.TC08_DelevolperConsole" time="3.326">
    <system-out><![CDATA[2023-10-25 11:36:18,400 [TestNG-test=Regression  Test-2] INFO : Closing the browser :
2023-10-25 11:36:18,401 [TestNG-test=Regression  Test-2] INFO : Set driver : chrome
]]></system-out>
  </testcase>
  <testcase name="loginToAppWithInvalidCreds[void com.tekarck.testCases.TC04B_InvalidUserNameAndPassword.loginToAppWithInvalidCreds(java.lang.reflect.Method) throws org.apache.poi.openxml4j.exceptions.InvalidFormatException,java.io.IOException](1)" classname="com.tekarck.testCases.TC04B_InvalidUserNameAndPassword" time="4.576">
    <system-out><![CDATA[2023-10-25 11:36:18,838 [TestNG-test=Regression  Test-3] INFO : Closing the browser :
2023-10-25 11:36:19,954 [TestNG-test=Regression  Test-2] INFO : Launching the application : https://login.salesforce.com/
2023-10-25 11:36:19,958 [TestNG-test=Regression  Test-2] INFO : Login Page title :Login | Salesforce
2023-10-25 11:36:24,612 [TestNG-test=Regression  Test-1] INFO : Clicked loin Btn....
2023-10-25 11:36:24,658 [TestNG-test=Regression  Test-1] INFO : Got The error message.... :: Please check your username and password. If you still can't log in, contact your Salesforce administrator.
]]></system-out>
    <system-err><![CDATA[Oct 25, 2023 11:36:19 AM org.openqa.selenium.devtools.CdpVersionFinder findNearestMatch
WARNING: Unable to find an exact match for CDP version 118, so returning the closest version found: 115
]]></system-err>
  </testcase>
  <testcase name="verifyLogout" classname="com.tekarck.testCases.TC09_Logout" time="4.816">
    <system-out><![CDATA[2023-10-25 11:36:24,720 [TestNG-test=Regression  Test-1] INFO : Closing the browser :
]]></system-out>
  </testcase>
</testsuite>