<?xml version="1.0" encoding="UTF-8"?>
<testng-results ignored="0" total="8" passed="8" failed="0" skipped="0">
  <reporter-output>
  </reporter-output>
  <suite started-at="2023-10-09T22:04:27 EDT" name="Regression  Suite" finished-at="2023-10-09T22:04:51 EDT" duration-ms="24087">
    <groups>
    </groups>
    <test started-at="2023-10-09T22:04:27 EDT" name="Regression  Test" finished-at="2023-10-09T22:04:51 EDT" duration-ms="24087">
      <class name="com.tekarck.testCases.TC04A_TestForgotPassword">
        <test-method is-config="true" signature="setUp(java.lang.String,java.lang.String,boolean)[pri:0, instance:com.tekarck.testCases.TC04A_TestForgotPassword@8317c52]" started-at="2023-10-09T22:04:41 EDT" name="setUp" finished-at="2023-10-09T22:04:45 EDT" duration-ms="3907" status="PASS">
          <params>
            <param index="0">
              <value>
                <![CDATA[chrome]]>
              </value>
            </param>
            <param index="1">
              <value>
                <![CDATA[https://login.salesforce.com/]]>
              </value>
            </param>
            <param index="2">
              <value>
                <![CDATA[true]]>
              </value>
            </param>
          </params>
          <reporter-output>
          </reporter-output>
        </test-method> <!-- setUp -->
        <test-method signature="forgotPwdLinkValidation(java.lang.reflect.Method)[pri:0, instance:com.tekarck.testCases.TC04A_TestForgotPassword@8317c52]" started-at="2023-10-09T22:04:45 EDT" name="forgotPwdLinkValidation" finished-at="2023-10-09T22:04:46 EDT" duration-ms="1049" status="PASS">
          <params>
            <param index="0">
              <value>
                <![CDATA[void com.tekarck.testCases.TC04A_TestForgotPassword.forgotPwdLinkValidation(java.lang.reflect.Method) throws org.apache.poi.openxml4j.exceptions.InvalidFormatException,java.io.IOException]]>
              </value>
            </param>
          </params>
          <reporter-output>
          </reporter-output>
        </test-method> <!-- forgotPwdLinkValidation -->
        <test-method is-config="true" signature="tearDown()[pri:0, instance:com.tekarck.testCases.TC04A_TestForgotPassword@8317c52]" started-at="2023-10-09T22:04:46 EDT" name="tearDown" finished-at="2023-10-09T22:04:46 EDT" duration-ms="190" status="PASS">
          <reporter-output>
          </reporter-output>
        </test-method> <!-- tearDown -->
      </class> <!-- com.tekarck.testCases.TC04A_TestForgotPassword -->
      <class name="com.tekarck.testCases.TC01_LoginErrorMessage">
        <test-method is-config="true" signature="setUp(java.lang.String,java.lang.String,boolean)[pri:0, instance:com.tekarck.testCases.TC01_LoginErrorMessage@78ffe6dc]" started-at="2023-10-09T22:04:40 EDT" name="setUp" finished-at="2023-10-09T22:04:43 EDT" duration-ms="2651" status="PASS">
          <params>
            <param index="0">
              <value>
                <![CDATA[chrome]]>
              </value>
            </param>
            <param index="1">
              <value>
                <![CDATA[https://login.salesforce.com/]]>
              </value>
            </param>
            <param index="2">
              <value>
                <![CDATA[true]]>
              </value>
            </param>
          </params>
          <reporter-output>
          </reporter-output>
        </test-method> <!-- setUp -->
        <test-method signature="validateLoginToTheApplnWithBlankPassword(java.lang.reflect.Method)[pri:0, instance:com.tekarck.testCases.TC01_LoginErrorMessage@78ffe6dc]" started-at="2023-10-09T22:04:43 EDT" name="validateLoginToTheApplnWithBlankPassword" finished-at="2023-10-09T22:04:44 EDT" duration-ms="1699" status="PASS">
          <params>
            <param index="0">
              <value>
                <![CDATA[void com.tekarck.testCases.TC01_LoginErrorMessage.validateLoginToTheApplnWithBlankPassword(java.lang.reflect.Method) throws java.io.IOException,org.apache.poi.openxml4j.exceptions.InvalidFormatException]]>
              </value>
            </param>
          </params>
          <reporter-output>
          </reporter-output>
        </test-method> <!-- validateLoginToTheApplnWithBlankPassword -->
        <test-method is-config="true" signature="tearDown()[pri:0, instance:com.tekarck.testCases.TC01_LoginErrorMessage@78ffe6dc]" started-at="2023-10-09T22:04:44 EDT" name="tearDown" finished-at="2023-10-09T22:04:44 EDT" duration-ms="119" status="PASS">
          <reporter-output>
          </reporter-output>
        </test-method> <!-- tearDown -->
      </class> <!-- com.tekarck.testCases.TC01_LoginErrorMessage -->
      <class name="com.tekarck.testCases.TC03_CheckRememberMe">
        <test-method is-config="true" signature="setUp(java.lang.String,java.lang.String,boolean)[pri:0, instance:com.tekarck.testCases.TC03_CheckRememberMe@1fb700ee]" started-at="2023-10-09T22:04:28 EDT" name="setUp" finished-at="2023-10-09T22:04:34 EDT" duration-ms="6754" status="PASS">
          <params>
            <param index="0">
              <value>
                <![CDATA[chrome]]>
              </value>
            </param>
            <param index="1">
              <value>
                <![CDATA[https://login.salesforce.com/]]>
              </value>
            </param>
            <param index="2">
              <value>
                <![CDATA[true]]>
              </value>
            </param>
          </params>
          <reporter-output>
          </reporter-output>
        </test-method> <!-- setUp -->
        <test-method signature="loginAndCheckRememberMe(java.lang.reflect.Method)[pri:0, instance:com.tekarck.testCases.TC03_CheckRememberMe@1fb700ee]" started-at="2023-10-09T22:04:34 EDT" name="loginAndCheckRememberMe" finished-at="2023-10-09T22:04:41 EDT" duration-ms="6532" status="PASS">
          <params>
            <param index="0">
              <value>
                <![CDATA[void com.tekarck.testCases.TC03_CheckRememberMe.loginAndCheckRememberMe(java.lang.reflect.Method) throws org.apache.poi.openxml4j.exceptions.InvalidFormatException,java.io.IOException]]>
              </value>
            </param>
          </params>
          <reporter-output>
          </reporter-output>
        </test-method> <!-- loginAndCheckRememberMe -->
        <test-method is-config="true" signature="tearDown()[pri:0, instance:com.tekarck.testCases.TC03_CheckRememberMe@1fb700ee]" started-at="2023-10-09T22:04:41 EDT" name="tearDown" finished-at="2023-10-09T22:04:41 EDT" duration-ms="129" status="PASS">
          <reporter-output>
          </reporter-output>
        </test-method> <!-- tearDown -->
      </class> <!-- com.tekarck.testCases.TC03_CheckRememberMe -->
      <class name="com.tekarck.testCases.TC08_DelevolperConsole">
        <test-method is-config="true" signature="setUp(java.lang.String,java.lang.String,boolean)[pri:0, instance:com.tekarck.testCases.TC08_DelevolperConsole@609db43b]" started-at="2023-10-09T22:04:28 EDT" name="setUp" finished-at="2023-10-09T22:04:35 EDT" duration-ms="7259" status="PASS">
          <params>
            <param index="0">
              <value>
                <![CDATA[chrome]]>
              </value>
            </param>
            <param index="1">
              <value>
                <![CDATA[https://login.salesforce.com/]]>
              </value>
            </param>
            <param index="2">
              <value>
                <![CDATA[true]]>
              </value>
            </param>
          </params>
          <reporter-output>
          </reporter-output>
        </test-method> <!-- setUp -->
        <test-method signature="verifyDelevolperConsole()[pri:0, instance:com.tekarck.testCases.TC08_DelevolperConsole@609db43b]" started-at="2023-10-09T22:04:35 EDT" name="verifyDelevolperConsole" finished-at="2023-10-09T22:04:42 EDT" duration-ms="6768" status="PASS">
          <reporter-output>
          </reporter-output>
        </test-method> <!-- verifyDelevolperConsole -->
        <test-method is-config="true" signature="tearDown()[pri:0, instance:com.tekarck.testCases.TC08_DelevolperConsole@609db43b]" started-at="2023-10-09T22:04:42 EDT" name="tearDown" finished-at="2023-10-09T22:04:42 EDT" duration-ms="180" status="PASS">
          <reporter-output>
          </reporter-output>
        </test-method> <!-- tearDown -->
      </class> <!-- com.tekarck.testCases.TC08_DelevolperConsole -->
      <class name="com.tekarck.testCases.TC09_Logout">
        <test-method is-config="true" signature="setUp(java.lang.String,java.lang.String,boolean)[pri:0, instance:com.tekarck.testCases.TC09_Logout@4a668b6e]" started-at="2023-10-09T22:04:28 EDT" name="setUp" finished-at="2023-10-09T22:04:37 EDT" duration-ms="9138" status="PASS">
          <params>
            <param index="0">
              <value>
                <![CDATA[chrome]]>
              </value>
            </param>
            <param index="1">
              <value>
                <![CDATA[https://login.salesforce.com/]]>
              </value>
            </param>
            <param index="2">
              <value>
                <![CDATA[true]]>
              </value>
            </param>
          </params>
          <reporter-output>
          </reporter-output>
        </test-method> <!-- setUp -->
        <test-method signature="verifyLogout()[pri:0, instance:com.tekarck.testCases.TC09_Logout@4a668b6e]" started-at="2023-10-09T22:04:37 EDT" name="verifyLogout" finished-at="2023-10-09T22:04:44 EDT" duration-ms="6996" status="PASS">
          <reporter-output>
          </reporter-output>
        </test-method> <!-- verifyLogout -->
        <test-method is-config="true" signature="tearDown()[pri:0, instance:com.tekarck.testCases.TC09_Logout@4a668b6e]" started-at="2023-10-09T22:04:44 EDT" name="tearDown" finished-at="2023-10-09T22:04:44 EDT" duration-ms="126" status="PASS">
          <reporter-output>
          </reporter-output>
        </test-method> <!-- tearDown -->
      </class> <!-- com.tekarck.testCases.TC09_Logout -->
      <class name="com.tekarck.testCases.TC04B_InvalidUserNameAndPassword">
        <test-method is-config="true" signature="setUp(java.lang.String,java.lang.String,boolean)[pri:0, instance:com.tekarck.testCases.TC04B_InvalidUserNameAndPassword@4f67eb2a]" started-at="2023-10-09T22:04:28 EDT" name="setUp" finished-at="2023-10-09T22:04:37 EDT" duration-ms="9245" status="PASS">
          <params>
            <param index="0">
              <value>
                <![CDATA[chrome]]>
              </value>
            </param>
            <param index="1">
              <value>
                <![CDATA[https://login.salesforce.com/]]>
              </value>
            </param>
            <param index="2">
              <value>
                <![CDATA[true]]>
              </value>
            </param>
          </params>
          <reporter-output>
          </reporter-output>
        </test-method> <!-- setUp -->
        <test-method signature="loginToAppWithInvalidCreds(java.lang.reflect.Method)[pri:0, instance:com.tekarck.testCases.TC04B_InvalidUserNameAndPassword@4f67eb2a]" started-at="2023-10-09T22:04:37 EDT" name="loginToAppWithInvalidCreds" finished-at="2023-10-09T22:04:48 EDT" duration-ms="11250" status="PASS">
          <params>
            <param index="0">
              <value>
                <![CDATA[void com.tekarck.testCases.TC04B_InvalidUserNameAndPassword.loginToAppWithInvalidCreds(java.lang.reflect.Method) throws org.apache.poi.openxml4j.exceptions.InvalidFormatException,java.io.IOException]]>
              </value>
            </param>
          </params>
          <reporter-output>
          </reporter-output>
        </test-method> <!-- loginToAppWithInvalidCreds -->
        <test-method is-config="true" signature="tearDown()[pri:0, instance:com.tekarck.testCases.TC04B_InvalidUserNameAndPassword@4f67eb2a]" started-at="2023-10-09T22:04:48 EDT" name="tearDown" finished-at="2023-10-09T22:04:48 EDT" duration-ms="128" status="PASS">
          <reporter-output>
          </reporter-output>
        </test-method> <!-- tearDown -->
      </class> <!-- com.tekarck.testCases.TC04B_InvalidUserNameAndPassword -->
      <class name="com.tekarck.testCases.TC02_ValidLoginToSalesForce">
        <test-method is-config="true" signature="setUp(java.lang.String,java.lang.String,boolean)[pri:0, instance:com.tekarck.testCases.TC02_ValidLoginToSalesForce@5f683daf]" started-at="2023-10-09T22:04:28 EDT" name="setUp" finished-at="2023-10-09T22:04:37 EDT" duration-ms="9185" status="PASS">
          <params>
            <param index="0">
              <value>
                <![CDATA[chrome]]>
              </value>
            </param>
            <param index="1">
              <value>
                <![CDATA[https://login.salesforce.com/]]>
              </value>
            </param>
            <param index="2">
              <value>
                <![CDATA[true]]>
              </value>
            </param>
          </params>
          <reporter-output>
          </reporter-output>
        </test-method> <!-- setUp -->
        <test-method signature="loginToSalesForceAppwithValidUserAndPwd(java.lang.reflect.Method)[pri:0, instance:com.tekarck.testCases.TC02_ValidLoginToSalesForce@5f683daf]" started-at="2023-10-09T22:04:37 EDT" name="loginToSalesForceAppwithValidUserAndPwd" finished-at="2023-10-09T22:04:40 EDT" duration-ms="2970" status="PASS">
          <params>
            <param index="0">
              <value>
                <![CDATA[void com.tekarck.testCases.TC02_ValidLoginToSalesForce.loginToSalesForceAppwithValidUserAndPwd(java.lang.reflect.Method) throws org.apache.poi.openxml4j.exceptions.InvalidFormatException,java.io.IOException]]>
              </value>
            </param>
          </params>
          <reporter-output>
          </reporter-output>
        </test-method> <!-- loginToSalesForceAppwithValidUserAndPwd -->
        <test-method is-config="true" signature="tearDown()[pri:0, instance:com.tekarck.testCases.TC02_ValidLoginToSalesForce@5f683daf]" started-at="2023-10-09T22:04:40 EDT" name="tearDown" finished-at="2023-10-09T22:04:40 EDT" duration-ms="153" status="PASS">
          <reporter-output>
          </reporter-output>
        </test-method> <!-- tearDown -->
      </class> <!-- com.tekarck.testCases.TC02_ValidLoginToSalesForce -->
      <class name="com.tekarck.testCases.TC05_ValidateUserMenuDropDown">
        <test-method is-config="true" signature="setUp(java.lang.String,java.lang.String,boolean)[pri:0, instance:com.tekarck.testCases.TC05_ValidateUserMenuDropDown@76f2bbc1]" started-at="2023-10-09T22:04:42 EDT" name="setUp" finished-at="2023-10-09T22:04:45 EDT" duration-ms="2908" status="PASS">
          <params>
            <param index="0">
              <value>
                <![CDATA[chrome]]>
              </value>
            </param>
            <param index="1">
              <value>
                <![CDATA[https://login.salesforce.com/]]>
              </value>
            </param>
            <param index="2">
              <value>
                <![CDATA[true]]>
              </value>
            </param>
          </params>
          <reporter-output>
          </reporter-output>
        </test-method> <!-- setUp -->
        <test-method signature="validateUserMenuDropDown(java.lang.reflect.Method)[pri:0, instance:com.tekarck.testCases.TC05_ValidateUserMenuDropDown@76f2bbc1]" started-at="2023-10-09T22:04:45 EDT" name="validateUserMenuDropDown" finished-at="2023-10-09T22:04:51 EDT" duration-ms="6528" status="PASS">
          <params>
            <param index="0">
              <value>
                <![CDATA[void com.tekarck.testCases.TC05_ValidateUserMenuDropDown.validateUserMenuDropDown(java.lang.reflect.Method) throws org.apache.poi.openxml4j.exceptions.InvalidFormatException,java.io.IOException]]>
              </value>
            </param>
          </params>
          <reporter-output>
          </reporter-output>
        </test-method> <!-- validateUserMenuDropDown -->
        <test-method is-config="true" signature="tearDown()[pri:0, instance:com.tekarck.testCases.TC05_ValidateUserMenuDropDown@76f2bbc1]" started-at="2023-10-09T22:04:51 EDT" name="tearDown" finished-at="2023-10-09T22:04:51 EDT" duration-ms="128" status="PASS">
          <reporter-output>
          </reporter-output>
        </test-method> <!-- tearDown -->
      </class> <!-- com.tekarck.testCases.TC05_ValidateUserMenuDropDown -->
    </test> <!-- Regression  Test -->
  </suite> <!-- Regression  Suite -->
</testng-results>
