<?xml version="1.0" encoding="UTF-8"?>
<!-- Generated by org.testng.reporters.JUnitXMLReporter -->
<testsuite ignored="0" hostname="SumedhKrishna" failures="1" tests="3" name="Parameterization" time="38.604" errors="0" timestamp="2023-09-02T13:02:03 EDT">
  <testcase classname="com.tekarck.testCases.TC02_ValidLoginToSalesForce" name="launchApp" time="0.022"/>
  <testcase classname="com.tekarck.testCases.TC02_ValidLoginToSalesForce" name="loginToSalesForceAppForMultipleUsers" time="25.626">
    <failure type="java.lang.AssertionError" message="The following asserts failed:
	Failed to login for User Name and password :anusha@tek.com  Sumedh expected [true] but found [false],
	Failed to login for User Name and password :anusha@tek  Sumedh@03 expected [true] but found [false],
	Failed to login for User Name and password :anusha@t.com  Anusha expected [true] but found [false]">
      <![CDATA[java.lang.AssertionError: The following asserts failed:
Failed to login for User Name and password :anusha@tek.com  Sumedh expected [true] but found [false],
Failed to login for User Name and password :anusha@tek  Sumedh@03 expected [true] but found [false],
Failed to login for User Name and password :anusha@t.com  Anusha expected [true] but found [false]
at com.tekarck.testCases.TC02_ValidLoginToSalesForce.loginToSalesForceAppForMultipleUsers(TC02_ValidLoginToSalesForce.java:120)
at java.base/java.util.ArrayList.forEach(ArrayList.java:1511)
... Removed 27 stack frames]]>
    </failure>
  </testcase> <!-- loginToSalesForceAppForMultipleUsers -->
  <testcase classname="com.tekarck.testCases.TC02_ValidLoginToSalesForce" name="loginToSalesForceAppwithValidUserAndPwd" time="7.717"/>
</testsuite> <!-- Parameterization -->
