<?xml version="1.0" encoding="UTF-8"?>
<!-- Generated by org.testng.reporters.JUnitXMLReporter -->
<testsuite ignored="0" hostname="SumedhKrishna" failures="3" tests="3" name="CHROME(failed)(failed)" time="32.594" errors="0" timestamp="2023-09-05T22:30:00 EDT">
  <testcase classname="com.tekarck.testCases.TC02_ValidLoginToSalesForce" name="loginToSalesForceAppUsingDataProviders" time="6.071">
    <failure type="java.lang.AssertionError" message="Failed to login for User Name and password : : anusha@tek.com  Sumedh expected [true] but found [false]">
      <![CDATA[java.lang.AssertionError: Failed to login for User Name and password : : anusha@tek.com  Sumedh expected [true] but found [false]
at com.tekarck.testCases.TC02_ValidLoginToSalesForce.loginToSalesForceAppUsingDataProviders(TC02_ValidLoginToSalesForce.java:178)
at java.base/java.util.ArrayList.forEach(ArrayList.java:1511)
... Removed 28 stack frames]]>
    </failure>
  </testcase> <!-- loginToSalesForceAppUsingDataProviders -->
  <testcase classname="com.tekarck.testCases.TC02_ValidLoginToSalesForce" name="loginToSalesForceAppUsingDataProviders" time="7.721">
    <failure type="java.lang.AssertionError" message="Failed to login for User Name and password : : anusha@tek  Sumedh@03 expected [true] but found [false]">
      <![CDATA[java.lang.AssertionError: Failed to login for User Name and password : : anusha@tek  Sumedh@03 expected [true] but found [false]
at com.tekarck.testCases.TC02_ValidLoginToSalesForce.loginToSalesForceAppUsingDataProviders(TC02_ValidLoginToSalesForce.java:178)
at java.base/java.util.ArrayList.forEach(ArrayList.java:1511)
... Removed 28 stack frames]]>
    </failure>
  </testcase> <!-- loginToSalesForceAppUsingDataProviders -->
  <testcase classname="com.tekarck.testCases.TC02_ValidLoginToSalesForce" name="loginToSalesForceAppUsingDataProviders" time="14.921">
    <failure type="java.lang.AssertionError" message="Failed to login for User Name and password : : anusha@t.com  Anusha expected [true] but found [false]">
      <![CDATA[java.lang.AssertionError: Failed to login for User Name and password : : anusha@t.com  Anusha expected [true] but found [false]
at com.tekarck.testCases.TC02_ValidLoginToSalesForce.loginToSalesForceAppUsingDataProviders(TC02_ValidLoginToSalesForce.java:178)
at java.base/java.util.ArrayList.forEach(ArrayList.java:1511)
... Removed 28 stack frames]]>
    </failure>
  </testcase> <!-- loginToSalesForceAppUsingDataProviders -->
</testsuite> <!-- CHROME(failed)(failed) -->
