<?xml version="1.0" encoding="UTF-8"?>
<!-- Generated by org.testng.reporters.JUnitXMLReporter -->
<testsuite ignored="1" hostname="SumedhKrishna" failures="4" tests="4" name="FIREFOX(failed)(failed)" time="35.648" errors="0" timestamp="2023-09-05T10:26:46 EDT">
  <testcase classname="com.tekarck.testCases.TC02_ValidLoginToSalesForce" name="loginToSalesForceAppUsingDataProviders" time="5.516">
    <failure type="java.lang.AssertionError" message="Failed to login for User Name and password :anusha@tek.com  Sumedh expected [true] but found [false]">
      <![CDATA[java.lang.AssertionError: Failed to login for User Name and password :anusha@tek.com  Sumedh expected [true] but found [false]
at com.tekarck.testCases.TC02_ValidLoginToSalesForce.loginToSalesForceAppUsingDataProviders(TC02_ValidLoginToSalesForce.java:164)
at java.base/java.util.ArrayList.forEach(ArrayList.java:1511)
... Removed 28 stack frames]]>
    </failure>
  </testcase> <!-- loginToSalesForceAppUsingDataProviders -->
  <testcase classname="com.tekarck.testCases.TC02_ValidLoginToSalesForce" name="loginToSalesForceAppUsingDataProviders" time="5.386">
    <failure type="java.lang.AssertionError" message="Failed to login for User Name and password :anusha@tek  Sumedh@03 expected [true] but found [false]">
      <![CDATA[java.lang.AssertionError: Failed to login for User Name and password :anusha@tek  Sumedh@03 expected [true] but found [false]
at com.tekarck.testCases.TC02_ValidLoginToSalesForce.loginToSalesForceAppUsingDataProviders(TC02_ValidLoginToSalesForce.java:164)
at java.base/java.util.ArrayList.forEach(ArrayList.java:1511)
... Removed 28 stack frames]]>
    </failure>
  </testcase> <!-- loginToSalesForceAppUsingDataProviders -->
  <testcase classname="com.tekarck.testCases.TC02_ValidLoginToSalesForce" name="loginToSalesForceAppUsingDataProviders" time="10.509">
    <failure type="java.lang.AssertionError" message="Failed to login for User Name and password :anusha@t.com  Anusha expected [true] but found [false]">
      <![CDATA[java.lang.AssertionError: Failed to login for User Name and password :anusha@t.com  Anusha expected [true] but found [false]
at com.tekarck.testCases.TC02_ValidLoginToSalesForce.loginToSalesForceAppUsingDataProviders(TC02_ValidLoginToSalesForce.java:164)
at java.base/java.util.ArrayList.forEach(ArrayList.java:1511)
... Removed 28 stack frames]]>
    </failure>
  </testcase> <!-- loginToSalesForceAppUsingDataProviders -->
  <testcase classname="com.tekarck.testCases.TC03_CheckRememberMe" name="loginAndCheckRememberMe" time="6.336">
    <failure type="java.lang.AssertionError" message="expected [anusha@tek.com] but found [null]">
      <![CDATA[java.lang.AssertionError: expected [anusha@tek.com] but found [null]
at com.tekarck.testCases.TC03_CheckRememberMe.loginAndCheckRememberMe(TC03_CheckRememberMe.java:54)
at java.base/java.util.ArrayList.forEach(ArrayList.java:1511)
... Removed 31 stack frames]]>
    </failure>
  </testcase> <!-- loginAndCheckRememberMe -->
  <testcase classname="com.tekarck.testCases.TC02_ValidLoginToSalesForce" name="launchApp" time="0.0">
    <ignored/>
  </testcase> <!-- launchApp -->
</testsuite> <!-- FIREFOX(failed)(failed) -->
