<?xml version="1.0" encoding="UTF-8"?>
<testng-results ignored="0" total="1" passed="1" failed="0" skipped="0">
  <reporter-output>
  </reporter-output>
  <suite started-at="2023-08-29T20:52:23 EDT" name="Default suite" finished-at="2023-08-29T20:52:34 EDT" duration-ms="10985">
    <groups>
    </groups>
    <test started-at="2023-08-29T20:52:23 EDT" name="Default test" finished-at="2023-08-29T20:52:34 EDT" duration-ms="10985">
      <class name="com.tekarck.testCases.TC12_EditView">
        <test-method is-config="true" signature="setDriver()[pri:0, instance:com.tekarck.testCases.TC12_EditView@1573f9fc]" started-at="2023-08-29T20:52:23 EDT" name="setDriver" finished-at="2023-08-29T20:52:27 EDT" duration-ms="4090" status="PASS">
          <reporter-output>
          </reporter-output>
        </test-method> <!-- setDriver -->
        <test-method signature="editView()[pri:0, instance:com.tekarck.testCases.TC12_EditView@1573f9fc]" started-at="2023-08-29T20:52:27 EDT" name="editView" finished-at="2023-08-29T20:52:34 EDT" duration-ms="6733" status="PASS">
          <reporter-output>
          </reporter-output>
        </test-method> <!-- editView -->
        <test-method is-config="true" signature="closeDriver()[pri:0, instance:com.tekarck.testCases.TC12_EditView@1573f9fc]" started-at="2023-08-29T20:52:34 EDT" name="closeDriver" finished-at="2023-08-29T20:52:34 EDT" duration-ms="128" status="PASS">
          <reporter-output>
          </reporter-output>
        </test-method> <!-- closeDriver -->
      </class> <!-- com.tekarck.testCases.TC12_EditView -->
    </test> <!-- Default test -->
  </suite> <!-- Default suite -->
</testng-results>
