<?xml version="1.0" encoding="UTF-8"?>
<!-- Generated by org.testng.reporters.JUnitXMLReporter -->
<testsuite ignored="0" hostname="SumedhKrishna" failures="3" tests="8" name="CHROME" time="41.635" errors="0" timestamp="2023-09-05T11:13:44 EDT">
  <testcase classname="com.tekarck.testCases.TC01_LoginErrorMessage" name="launchApp" time="0.035"/>
  <testcase classname="com.tekarck.testCases.TC01_LoginErrorMessage" name="validateLoginToTheApplnWithBlankPassword" time="1.192"/>
  <testcase classname="com.tekarck.testCases.TC02_ValidLoginToSalesForce" name="launchApp" time="0.009"/>
  <testcase classname="com.tekarck.testCases.TC02_ValidLoginToSalesForce" name="loginToSalesForceAppUsingDataProviders" time="4.57"/>
  <testcase classname="com.tekarck.testCases.TC02_ValidLoginToSalesForce" name="loginToSalesForceAppUsingDataProviders" time="7.929">
    <failure type="java.lang.AssertionError" message="Failed to login for User Name and password :anusha@tek.com  Sumedh expected [true] but found [false]">
      <![CDATA[java.lang.AssertionError: Failed to login for User Name and password :anusha@tek.com  Sumedh expected [true] but found [false]
at com.tekarck.testCases.TC02_ValidLoginToSalesForce.loginToSalesForceAppUsingDataProviders(TC02_ValidLoginToSalesForce.java:164)
at java.base/java.util.ArrayList.forEach(ArrayList.java:1511)
... Removed 28 stack frames]]>
    </failure>
  </testcase> <!-- loginToSalesForceAppUsingDataProviders -->
  <testcase classname="com.tekarck.testCases.TC02_ValidLoginToSalesForce" name="loginToSalesForceAppUsingDataProviders" time="5.573">
    <failure type="java.lang.AssertionError" message="Failed to login for User Name and password :anusha@tek  Sumedh@03 expected [true] but found [false]">
      <![CDATA[java.lang.AssertionError: Failed to login for User Name and password :anusha@tek  Sumedh@03 expected [true] but found [false]
at com.tekarck.testCases.TC02_ValidLoginToSalesForce.loginToSalesForceAppUsingDataProviders(TC02_ValidLoginToSalesForce.java:164)
at java.base/java.util.ArrayList.forEach(ArrayList.java:1511)
... Removed 28 stack frames]]>
    </failure>
  </testcase> <!-- loginToSalesForceAppUsingDataProviders -->
  <testcase classname="com.tekarck.testCases.TC02_ValidLoginToSalesForce" name="loginToSalesForceAppUsingDataProviders" time="7.601">
    <failure type="java.lang.AssertionError" message="Failed to login for User Name and password :anusha@t.com  Anusha expected [true] but found [false]">
      <![CDATA[java.lang.AssertionError: Failed to login for User Name and password :anusha@t.com  Anusha expected [true] but found [false]
at com.tekarck.testCases.TC02_ValidLoginToSalesForce.loginToSalesForceAppUsingDataProviders(TC02_ValidLoginToSalesForce.java:164)
at java.base/java.util.ArrayList.forEach(ArrayList.java:1511)
... Removed 28 stack frames]]>
    </failure>
  </testcase> <!-- loginToSalesForceAppUsingDataProviders -->
  <testcase classname="com.tekarck.testCases.TC03_CheckRememberMe" name="loginAndCheckRememberMe" time="6.251"/>
</testsuite> <!-- CHROME -->
